# JRE version: Java(TM) SE Runtime Environment 18.9 (11.0.11+9) (build 11.0.11+9-LTS-194)
# Java VM: Java HotSpot(TM) 64-Bit Server VM 18.9 (11.0.11+9-LTS-194, mixed mode, tiered, compressed oops, parallel gc, windows-amd64)
Heap:
 PSYoungGen      total 18944K, used 14062K [0x00000000eab00000, 0x00000000ec000000, 0x0000000100000000)
  eden space 17408K, 71% used [0x00000000eab00000,0x00000000eb73cb58,0x00000000ebc00000)
  from space 1536K, 99% used [0x00000000ebe80000,0x00000000ebffef78,0x00000000ec000000)
  to   space 2048K, 0% used [0x00000000ebc00000,0x00000000ebc00000,0x00000000ebe00000)
 ParOldGen       total 107520K, used 81026K [0x00000000c0000000, 0x00000000c6900000, 0x00000000eab00000)
  object space 107520K, 75% used [0x00000000c0000000,0x00000000c4f20910,0x00000000c6900000)
 Metaspace       used 65858K, capacity 69267K, committed 69376K, reserved 1110016K
  class space    used 6537K, capacity 7840K, committed 7936K, reserved 1048576K
GC Heap History (10 events):
Event: 38.167 GC heap before
{Heap before GC invocations=46 (full 3):
 PSYoungGen      total 19456K, used 19433K [0x00000000eab00000, 0x00000000ec200000, 0x0000000100000000)
  eden space 17408K, 100% used [0x00000000eab00000,0x00000000ebc00000,0x00000000ebc00000)
  from space 2048K, 98% used [0x00000000ebc00000,0x00000000ebdfa640,0x00000000ebe00000)
  to   space 3072K, 0% used [0x00000000ebf00000,0x00000000ebf00000,0x00000000ec200000)
 ParOldGen       total 107520K, used 76058K [0x00000000c0000000, 0x00000000c6900000, 0x00000000eab00000)
  object space 107520K, 70% used [0x00000000c0000000,0x00000000c4a468a8,0x00000000c6900000)
 Metaspace       used 60306K, capacity 63435K, committed 63488K, reserved 1105920K
  class space    used 5992K, capacity 7156K, committed 7168K, reserved 1048576K
}
Event: 38.171 GC heap after
{Heap after GC invocations=46 (full 3):
 PSYoungGen      total 18944K, used 1514K [0x00000000eab00000, 0x00000000ec080000, 0x0000000100000000)
  eden space 17408K, 0% used [0x00000000eab00000,0x00000000eab00000,0x00000000ebc00000)
  from space 1536K, 98% used [0x00000000ebf00000,0x00000000ec07abb0,0x00000000ec080000)
  to   space 2048K, 0% used [0x00000000ebc80000,0x00000000ebc80000,0x00000000ebe80000)
 ParOldGen       total 107520K, used 78006K [0x00000000c0000000, 0x00000000c6900000, 0x00000000eab00000)
  object space 107520K, 72% used [0x00000000c0000000,0x00000000c4c2d8f0,0x00000000c6900000)
 Metaspace       used 60306K, capacity 63435K, committed 63488K, reserved 1105920K
  class space    used 5992K, capacity 7156K, committed 7168K, reserved 1048576K
}
Event: 38.416 GC heap before
{Heap before GC invocations=47 (full 3):
 PSYoungGen      total 18944K, used 18922K [0x00000000eab00000, 0x00000000ec080000, 0x0000000100000000)
  eden space 17408K, 100% used [0x00000000eab00000,0x00000000ebc00000,0x00000000ebc00000)
  from space 1536K, 98% used [0x00000000ebf00000,0x00000000ec07abb0,0x00000000ec080000)
  to   space 2048K, 0% used [0x00000000ebc80000,0x00000000ebc80000,0x00000000ebe80000)
 ParOldGen       total 107520K, used 78006K [0x00000000c0000000, 0x00000000c6900000, 0x00000000eab00000)
  object space 107520K, 72% used [0x00000000c0000000,0x00000000c4c2d8f0,0x00000000c6900000)
 Metaspace       used 61591K, capacity 64661K, committed 64896K, reserved 1107968K
  class space    used 6101K, capacity 7266K, committed 7296K, reserved 1048576K
}
Event: 38.424 GC heap after
{Heap after GC invocations=47 (full 3):
 PSYoungGen      total 19456K, used 1551K [0x00000000eab00000, 0x00000000ec000000, 0x0000000100000000)
  eden space 17408K, 0% used [0x00000000eab00000,0x00000000eab00000,0x00000000ebc00000)
  from space 2048K, 75% used [0x00000000ebc80000,0x00000000ebe03e58,0x00000000ebe80000)
  to   space 1536K, 0% used [0x00000000ebe80000,0x00000000ebe80000,0x00000000ec000000)
 ParOldGen       total 107520K, used 79332K [0x00000000c0000000, 0x00000000c6900000, 0x00000000eab00000)
  object space 107520K, 73% used [0x00000000c0000000,0x00000000c4d79088,0x00000000c6900000)
 Metaspace       used 61591K, capacity 64661K, committed 64896K, reserved 1107968K
  class space    used 6101K, capacity 7266K, committed 7296K, reserved 1048576K
}
Event: 38.756 GC heap before
{Heap before GC invocations=48 (full 3):
 PSYoungGen      total 19456K, used 18950K [0x00000000eab00000, 0x00000000ec000000, 0x0000000100000000)
  eden space 17408K, 99% used [0x00000000eab00000,0x00000000ebbfdc80,0x00000000ebc00000)
  from space 2048K, 75% used [0x00000000ebc80000,0x00000000ebe03e58,0x00000000ebe80000)
  to   space 1536K, 0% used [0x00000000ebe80000,0x00000000ebe80000,0x00000000ec000000)
 ParOldGen       total 107520K, used 79332K [0x00000000c0000000, 0x00000000c6900000, 0x00000000eab00000)
  object space 107520K, 73% used [0x00000000c0000000,0x00000000c4d79088,0x00000000c6900000)
 Metaspace       used 62863K, capacity 66113K, committed 66176K, reserved 1107968K
  class space    used 6238K, capacity 7495K, committed 7552K, reserved 1048576K
}
Event: 38.761 GC heap after
{Heap after GC invocations=48 (full 3):
 PSYoungGen      total 18944K, used 1241K [0x00000000eab00000, 0x00000000ec000000, 0x0000000100000000)
  eden space 17408K, 0% used [0x00000000eab00000,0x00000000eab00000,0x00000000ebc00000)
  from space 1536K, 80% used [0x00000000ebe80000,0x00000000ebfb6520,0x00000000ec000000)
  to   space 1536K, 0% used [0x00000000ebd00000,0x00000000ebd00000,0x00000000ebe80000)
 ParOldGen       total 107520K, used 80757K [0x00000000c0000000, 0x00000000c6900000, 0x00000000eab00000)
  object space 107520K, 75% used [0x00000000c0000000,0x00000000c4edd740,0x00000000c6900000)
 Metaspace       used 62863K, capacity 66113K, committed 66176K, reserved 1107968K
  class space    used 6238K, capacity 7495K, committed 7552K, reserved 1048576K
}
Event: 39.959 GC heap before
{Heap before GC invocations=49 (full 3):
 PSYoungGen      total 18944K, used 18649K [0x00000000eab00000, 0x00000000ec000000, 0x0000000100000000)
  eden space 17408K, 100% used [0x00000000eab00000,0x00000000ebc00000,0x00000000ebc00000)
  from space 1536K, 80% used [0x00000000ebe80000,0x00000000ebfb6520,0x00000000ec000000)
  to   space 1536K, 0% used [0x00000000ebd00000,0x00000000ebd00000,0x00000000ebe80000)
 ParOldGen       total 107520K, used 80757K [0x00000000c0000000, 0x00000000c6900000, 0x00000000eab00000)
  object space 107520K, 75% used [0x00000000c0000000,0x00000000c4edd740,0x00000000c6900000)
 Metaspace       used 63454K, capacity 66754K, committed 67072K, reserved 1107968K
  class space    used 6292K, capacity 7602K, committed 7680K, reserved 1048576K
}
Event: 39.961 GC heap after
{Heap after GC invocations=49 (full 3):
 PSYoungGen      total 18944K, used 1518K [0x00000000eab00000, 0x00000000ec000000, 0x0000000100000000)
  eden space 17408K, 0% used [0x00000000eab00000,0x00000000eab00000,0x00000000ebc00000)
  from space 1536K, 98% used [0x00000000ebd00000,0x00000000ebe7b8f8,0x00000000ebe80000)
  to   space 1536K, 0% used [0x00000000ebe80000,0x00000000ebe80000,0x00000000ec000000)
 ParOldGen       total 107520K, used 80765K [0x00000000c0000000, 0x00000000c6900000, 0x00000000eab00000)
  object space 107520K, 75% used [0x00000000c0000000,0x00000000c4edf740,0x00000000c6900000)
 Metaspace       used 63454K, capacity 66754K, committed 67072K, reserved 1107968K
  class space    used 6292K, capacity 7602K, committed 7680K, reserved 1048576K
}
Event: 67.976 GC heap before
{Heap before GC invocations=50 (full 3):
 PSYoungGen      total 18944K, used 18926K [0x00000000eab00000, 0x00000000ec000000, 0x0000000100000000)
  eden space 17408K, 100% used [0x00000000eab00000,0x00000000ebc00000,0x00000000ebc00000)
  from space 1536K, 98% used [0x00000000ebd00000,0x00000000ebe7b8f8,0x00000000ebe80000)
  to   space 1536K, 0% used [0x00000000ebe80000,0x00000000ebe80000,0x00000000ec000000)
 ParOldGen       total 107520K, used 80765K [0x00000000c0000000, 0x00000000c6900000, 0x00000000eab00000)
  object space 107520K, 75% used [0x00000000c0000000,0x00000000c4edf740,0x00000000c6900000)
 Metaspace       used 65502K, capacity 68862K, committed 69120K, reserved 1110016K
  class space    used 6506K, capacity 7835K, committed 7936K, reserved 1048576K
}
Event: 67.979 GC heap after
{Heap after GC invocations=50 (full 3):
 PSYoungGen      total 18944K, used 1531K [0x00000000eab00000, 0x00000000ec000000, 0x0000000100000000)
  eden space 17408K, 0% used [0x00000000eab00000,0x00000000eab00000,0x00000000ebc00000)
  from space 1536K, 99% used [0x00000000ebe80000,0x00000000ebffef78,0x00000000ec000000)
  to   space 2048K, 0% used [0x00000000ebc00000,0x00000000ebc00000,0x00000000ebe00000)
 ParOldGen       total 107520K, used 81026K [0x00000000c0000000, 0x00000000c6900000, 0x00000000eab00000)
  object space 107520K, 75% used [0x00000000c0000000,0x00000000c4f20910,0x00000000c6900000)
 Metaspace       used 65502K, capacity 68862K, committed 69120K, reserved 1110016K
  class space    used 6506K, capacity 7835K, committed 7936K, reserved 1048576K
}

