# JRE version: Java(TM) SE Runtime Environment 18.9 (11.0.11+9) (build 11.0.11+9-LTS-194)
# Java VM: Java HotSpot(TM) 64-Bit Server VM 18.9 (11.0.11+9-LTS-194, mixed mode, tiered, compressed oops, g1 gc, windows-amd64)
Heap:
 garbage-first heap   total 260096K, used 81692K [0x0000000702800000, 0x0000000800000000)
  region size 1024K, 74 young (75776K), 3 survivors (3072K)
 Metaspace       used 29703K, capacity 30597K, committed 30720K, reserved 1077248K
  class space    used 3376K, capacity 3719K, committed 3840K, reserved 1048576K
GC Heap History (6 events):
Event: 1.115 GC heap before
{Heap before GC invocations=0 (full 0):
 garbage-first heap   total 260096K, used 24576K [0x0000000702800000, 0x0000000800000000)
  region size 1024K, 24 young (24576K), 0 survivors (0K)
 Metaspace       used 11114K, capacity 11412K, committed 11648K, reserved 1060864K
  class space    used 1075K, capacity 1146K, committed 1152K, reserved 1048576K
}
Event: 1.120 GC heap after
{Heap after GC invocations=1 (full 0):
 garbage-first heap   total 260096K, used 7578K [0x0000000702800000, 0x0000000800000000)
  region size 1024K, 3 young (3072K), 3 survivors (3072K)
 Metaspace       used 11114K, capacity 11412K, committed 11648K, reserved 1060864K
  class space    used 1075K, capacity 1146K, committed 1152K, reserved 1048576K
}
Event: 1.596 GC heap before
{Heap before GC invocations=1 (full 0):
 garbage-first heap   total 260096K, used 28058K [0x0000000702800000, 0x0000000800000000)
  region size 1024K, 23 young (23552K), 3 survivors (3072K)
 Metaspace       used 16249K, capacity 16594K, committed 16768K, reserved 1064960K
  class space    used 1696K, capacity 1823K, committed 1920K, reserved 1048576K
}
Event: 1.601 GC heap after
{Heap after GC invocations=2 (full 0):
 garbage-first heap   total 260096K, used 8818K [0x0000000702800000, 0x0000000800000000)
  region size 1024K, 2 young (2048K), 2 survivors (2048K)
 Metaspace       used 16249K, capacity 16594K, committed 16768K, reserved 1064960K
  class space    used 1696K, capacity 1823K, committed 1920K, reserved 1048576K
}
Event: 2.080 GC heap before
{Heap before GC invocations=2 (full 0):
 garbage-first heap   total 260096K, used 28274K [0x0000000702800000, 0x0000000800000000)
  region size 1024K, 22 young (22528K), 2 survivors (2048K)
 Metaspace       used 20665K, capacity 21125K, committed 21248K, reserved 1069056K
  class space    used 2270K, capacity 2490K, committed 2560K, reserved 1048576K
}
Event: 2.083 GC heap after
{Heap after GC invocations=3 (full 0):
 garbage-first heap   total 260096K, used 10012K [0x0000000702800000, 0x0000000800000000)
  region size 1024K, 3 young (3072K), 3 survivors (3072K)
 Metaspace       used 20665K, capacity 21125K, committed 21248K, reserved 1069056K
  class space    used 2270K, capacity 2490K, committed 2560K, reserved 1048576K
}

