# JRE version: Java(TM) SE Runtime Environment 18.9 (11.0.11+9) (build 11.0.11+9-LTS-194)
# Java VM: Java HotSpot(TM) 64-Bit Server VM 18.9 (11.0.11+9-LTS-194, mixed mode, tiered, compressed oops, parallel gc, windows-amd64)
Heap:
 PSYoungGen      total 21504K, used 11439K [0x00000000eab00000, 0x00000000ec280000, 0x0000000100000000)
  eden space 20480K, 51% used [0x00000000eab00000,0x00000000eb537df8,0x00000000ebf00000)
  from space 1024K, 95% used [0x00000000ec180000,0x00000000ec274010,0x00000000ec280000)
  to   space 1536K, 0% used [0x00000000ebf80000,0x00000000ebf80000,0x00000000ec100000)
 ParOldGen       total 68608K, used 41277K [0x00000000c0000000, 0x00000000c4300000, 0x00000000eab00000)
  object space 68608K, 60% used [0x00000000c0000000,0x00000000c284f478,0x00000000c4300000)
 Metaspace       used 53685K, capacity 56694K, committed 56960K, reserved 1099776K
  class space    used 5398K, capacity 6457K, committed 6528K, reserved 1048576K
GC Heap History (10 events):
Event: 11.395 GC heap before
{Heap before GC invocations=28 (full 2):
 PSYoungGen      total 21504K, used 21148K [0x00000000eab00000, 0x00000000ec180000, 0x0000000100000000)
  eden space 20480K, 99% used [0x00000000eab00000,0x00000000ebef1e48,0x00000000ebf00000)
  from space 1024K, 70% used [0x00000000ec000000,0x00000000ec0b5460,0x00000000ec100000)
  to   space 512K, 0% used [0x00000000ec100000,0x00000000ec100000,0x00000000ec180000)
 ParOldGen       total 68608K, used 36700K [0x00000000c0000000, 0x00000000c4300000, 0x00000000eab00000)
  object space 68608K, 53% used [0x00000000c0000000,0x00000000c23d71f0,0x00000000c4300000)
 Metaspace       used 48915K, capacity 51929K, committed 51968K, reserved 1095680K
  class space    used 5023K, capacity 6110K, committed 6144K, reserved 1048576K
}
Event: 11.399 GC heap after
{Heap after GC invocations=28 (full 2):
 PSYoungGen      total 20992K, used 496K [0x00000000eab00000, 0x00000000ec200000, 0x0000000100000000)
  eden space 20480K, 0% used [0x00000000eab00000,0x00000000eab00000,0x00000000ebf00000)
  from space 512K, 96% used [0x00000000ec100000,0x00000000ec17c010,0x00000000ec180000)
  to   space 1536K, 0% used [0x00000000ebf00000,0x00000000ebf00000,0x00000000ec080000)
 ParOldGen       total 68608K, used 37413K [0x00000000c0000000, 0x00000000c4300000, 0x00000000eab00000)
  object space 68608K, 54% used [0x00000000c0000000,0x00000000c2489520,0x00000000c4300000)
 Metaspace       used 48915K, capacity 51929K, committed 51968K, reserved 1095680K
  class space    used 5023K, capacity 6110K, committed 6144K, reserved 1048576K
}
Event: 11.730 GC heap before
{Heap before GC invocations=29 (full 2):
 PSYoungGen      total 20992K, used 20976K [0x00000000eab00000, 0x00000000ec200000, 0x0000000100000000)
  eden space 20480K, 100% used [0x00000000eab00000,0x00000000ebf00000,0x00000000ebf00000)
  from space 512K, 96% used [0x00000000ec100000,0x00000000ec17c010,0x00000000ec180000)
  to   space 1536K, 0% used [0x00000000ebf00000,0x00000000ebf00000,0x00000000ec080000)
 ParOldGen       total 68608K, used 37413K [0x00000000c0000000, 0x00000000c4300000, 0x00000000eab00000)
  object space 68608K, 54% used [0x00000000c0000000,0x00000000c2489520,0x00000000c4300000)
 Metaspace       used 50474K, capacity 53461K, committed 53632K, reserved 1097728K
  class space    used 5140K, capacity 6217K, committed 6272K, reserved 1048576K
}
Event: 11.733 GC heap after
{Heap after GC invocations=29 (full 2):
 PSYoungGen      total 22016K, used 1522K [0x00000000eab00000, 0x00000000ec600000, 0x0000000100000000)
  eden space 20480K, 0% used [0x00000000eab00000,0x00000000eab00000,0x00000000ebf00000)
  from space 1536K, 99% used [0x00000000ebf00000,0x00000000ec07ca38,0x00000000ec080000)
  to   space 3584K, 0% used [0x00000000ec280000,0x00000000ec280000,0x00000000ec600000)
 ParOldGen       total 68608K, used 39027K [0x00000000c0000000, 0x00000000c4300000, 0x00000000eab00000)
  object space 68608K, 56% used [0x00000000c0000000,0x00000000c261ceb0,0x00000000c4300000)
 Metaspace       used 50474K, capacity 53461K, committed 53632K, reserved 1097728K
  class space    used 5140K, capacity 6217K, committed 6272K, reserved 1048576K
}
Event: 11.973 GC heap before
{Heap before GC invocations=30 (full 2):
 PSYoungGen      total 22016K, used 22002K [0x00000000eab00000, 0x00000000ec600000, 0x0000000100000000)
  eden space 20480K, 100% used [0x00000000eab00000,0x00000000ebf00000,0x00000000ebf00000)
  from space 1536K, 99% used [0x00000000ebf00000,0x00000000ec07ca38,0x00000000ec080000)
  to   space 3584K, 0% used [0x00000000ec280000,0x00000000ec280000,0x00000000ec600000)
 ParOldGen       total 68608K, used 39027K [0x00000000c0000000, 0x00000000c4300000, 0x00000000eab00000)
  object space 68608K, 56% used [0x00000000c0000000,0x00000000c261ceb0,0x00000000c4300000)
 Metaspace       used 51537K, capacity 54552K, committed 54784K, reserved 1097728K
  class space    used 5198K, capacity 6282K, committed 6400K, reserved 1048576K
}
Event: 11.979 GC heap after
{Heap after GC invocations=30 (full 2):
 PSYoungGen      total 22528K, used 1611K [0x00000000eab00000, 0x00000000ec480000, 0x0000000100000000)
  eden space 20480K, 0% used [0x00000000eab00000,0x00000000eab00000,0x00000000ebf00000)
  from space 2048K, 78% used [0x00000000ec280000,0x00000000ec412f30,0x00000000ec480000)
  to   space 2560K, 0% used [0x00000000ebf80000,0x00000000ebf80000,0x00000000ec200000)
 ParOldGen       total 68608K, used 40520K [0x00000000c0000000, 0x00000000c4300000, 0x00000000eab00000)
  object space 68608K, 59% used [0x00000000c0000000,0x00000000c27923f8,0x00000000c4300000)
 Metaspace       used 51537K, capacity 54552K, committed 54784K, reserved 1097728K
  class space    used 5198K, capacity 6282K, committed 6400K, reserved 1048576K
}
Event: 12.365 GC heap before
{Heap before GC invocations=31 (full 2):
 PSYoungGen      total 22528K, used 22091K [0x00000000eab00000, 0x00000000ec480000, 0x0000000100000000)
  eden space 20480K, 100% used [0x00000000eab00000,0x00000000ebf00000,0x00000000ebf00000)
  from space 2048K, 78% used [0x00000000ec280000,0x00000000ec412f30,0x00000000ec480000)
  to   space 2560K, 0% used [0x00000000ebf80000,0x00000000ebf80000,0x00000000ec200000)
 ParOldGen       total 68608K, used 40520K [0x00000000c0000000, 0x00000000c4300000, 0x00000000eab00000)
  object space 68608K, 59% used [0x00000000c0000000,0x00000000c27923f8,0x00000000c4300000)
 Metaspace       used 53021K, capacity 56159K, committed 56448K, reserved 1099776K
  class space    used 5343K, capacity 6411K, committed 6528K, reserved 1048576K
}
Event: 12.368 GC heap after
{Heap after GC invocations=31 (full 2):
 PSYoungGen      total 21504K, used 544K [0x00000000eab00000, 0x00000000ec300000, 0x0000000100000000)
  eden space 20480K, 0% used [0x00000000eab00000,0x00000000eab00000,0x00000000ebf00000)
  from space 1024K, 53% used [0x00000000ebf80000,0x00000000ec008000,0x00000000ec080000)
  to   space 1536K, 0% used [0x00000000ec180000,0x00000000ec180000,0x00000000ec300000)
 ParOldGen       total 68608K, used 40829K [0x00000000c0000000, 0x00000000c4300000, 0x00000000eab00000)
  object space 68608K, 59% used [0x00000000c0000000,0x00000000c27df478,0x00000000c4300000)
 Metaspace       used 53021K, capacity 56159K, committed 56448K, reserved 1099776K
  class space    used 5343K, capacity 6411K, committed 6528K, reserved 1048576K
}
Event: 12.653 GC heap before
{Heap before GC invocations=32 (full 2):
 PSYoungGen      total 21504K, used 21024K [0x00000000eab00000, 0x00000000ec300000, 0x0000000100000000)
  eden space 20480K, 100% used [0x00000000eab00000,0x00000000ebf00000,0x00000000ebf00000)
  from space 1024K, 53% used [0x00000000ebf80000,0x00000000ec008000,0x00000000ec080000)
  to   space 1536K, 0% used [0x00000000ec180000,0x00000000ec180000,0x00000000ec300000)
 ParOldGen       total 68608K, used 40829K [0x00000000c0000000, 0x00000000c4300000, 0x00000000eab00000)
  object space 68608K, 59% used [0x00000000c0000000,0x00000000c27df478,0x00000000c4300000)
 Metaspace       used 53339K, capacity 56372K, committed 56704K, reserved 1099776K
  class space    used 5358K, capacity 6414K, committed 6528K, reserved 1048576K
}
Event: 12.665 GC heap after
{Heap after GC invocations=32 (full 2):
 PSYoungGen      total 21504K, used 976K [0x00000000eab00000, 0x00000000ec280000, 0x0000000100000000)
  eden space 20480K, 0% used [0x00000000eab00000,0x00000000eab00000,0x00000000ebf00000)
  from space 1024K, 95% used [0x00000000ec180000,0x00000000ec274010,0x00000000ec280000)
  to   space 1536K, 0% used [0x00000000ebf80000,0x00000000ebf80000,0x00000000ec100000)
 ParOldGen       total 68608K, used 41277K [0x00000000c0000000, 0x00000000c4300000, 0x00000000eab00000)
  object space 68608K, 60% used [0x00000000c0000000,0x00000000c284f478,0x00000000c4300000)
 Metaspace       used 53339K, capacity 56372K, committed 56704K, reserved 1099776K
  class space    used 5358K, capacity 6414K, committed 6528K, reserved 1048576K
}

