# JRE version: Java(TM) SE Runtime Environment 18.9 (11.0.11+9) (build 11.0.11+9-LTS-194)
# Java VM: Java HotSpot(TM) 64-Bit Server VM 18.9 (11.0.11+9-LTS-194, mixed mode, tiered, compressed oops, g1 gc, windows-amd64)
Heap:
 garbage-first heap   total 260096K, used 35726K [0x0000000702800000, 0x0000000800000000)
  region size 1024K, 29 young (29696K), 3 survivors (3072K)
 Metaspace       used 25643K, capacity 26254K, committed 26496K, reserved 1073152K
  class space    used 2903K, capacity 3155K, committed 3200K, reserved 1048576K
GC Heap History (6 events):
Event: 0.696 GC heap before
{Heap before GC invocations=0 (full 0):
 garbage-first heap   total 260096K, used 25600K [0x0000000702800000, 0x0000000800000000)
  region size 1024K, 24 young (24576K), 0 survivors (0K)
 Metaspace       used 11120K, capacity 11412K, committed 11648K, reserved 1060864K
  class space    used 1075K, capacity 1146K, committed 1152K, reserved 1048576K
}
Event: 0.701 GC heap after
{Heap after GC invocations=1 (full 0):
 garbage-first heap   total 260096K, used 7465K [0x0000000702800000, 0x0000000800000000)
  region size 1024K, 3 young (3072K), 3 survivors (3072K)
 Metaspace       used 11120K, capacity 11412K, committed 11648K, reserved 1060864K
  class space    used 1075K, capacity 1146K, committed 1152K, reserved 1048576K
}
Event: 1.461 GC heap before
{Heap before GC invocations=1 (full 0):
 garbage-first heap   total 260096K, used 44329K [0x0000000702800000, 0x0000000800000000)
  region size 1024K, 39 young (39936K), 3 survivors (3072K)
 Metaspace       used 19863K, capacity 20411K, committed 20608K, reserved 1067008K
  class space    used 2202K, capacity 2423K, committed 2432K, reserved 1048576K
}
Event: 1.467 GC heap after
{Heap after GC invocations=2 (full 0):
 garbage-first heap   total 260096K, used 10062K [0x0000000702800000, 0x0000000800000000)
  region size 1024K, 3 young (3072K), 3 survivors (3072K)
 Metaspace       used 19863K, capacity 20411K, committed 20608K, reserved 1067008K
  class space    used 2202K, capacity 2423K, committed 2432K, reserved 1048576K
}
Event: 1.501 GC heap before
{Heap before GC invocations=2 (full 0):
 garbage-first heap   total 260096K, used 14158K [0x0000000702800000, 0x0000000800000000)
  region size 1024K, 8 young (8192K), 3 survivors (3072K)
 Metaspace       used 20653K, capacity 21150K, committed 21248K, reserved 1069056K
  class space    used 2281K, capacity 2499K, committed 2560K, reserved 1048576K
}
Event: 1.504 GC heap after
{Heap after GC invocations=3 (full 0):
 garbage-first heap   total 260096K, used 10126K [0x0000000702800000, 0x0000000800000000)
  region size 1024K, 3 young (3072K), 3 survivors (3072K)
 Metaspace       used 20653K, capacity 21150K, committed 21248K, reserved 1069056K
  class space    used 2281K, capacity 2499K, committed 2560K, reserved 1048576K
}

