# JRE version: Java(TM) SE Runtime Environment 18.9 (11.0.11+9) (build 11.0.11+9-LTS-194)
# Java VM: Java HotSpot(TM) 64-Bit Server VM 18.9 (11.0.11+9-LTS-194, mixed mode, tiered, compressed oops, parallel gc, windows-amd64)
Heap:
 PSYoungGen      total 24064K, used 9117K [0x00000000eab00000, 0x00000000ec700000, 0x0000000100000000)
  eden space 22528K, 34% used [0x00000000eab00000,0x00000000eb282a10,0x00000000ec100000)
  from space 1536K, 92% used [0x00000000ec180000,0x00000000ec2e4c60,0x00000000ec300000)
  to   space 3072K, 0% used [0x00000000ec400000,0x00000000ec400000,0x00000000ec700000)
 ParOldGen       total 68608K, used 13964K [0x00000000c0000000, 0x00000000c4300000, 0x00000000eab00000)
  object space 68608K, 20% used [0x00000000c0000000,0x00000000c0da3150,0x00000000c4300000)
 Metaspace       used 36459K, capacity 38742K, committed 38912K, reserved 1083392K
  class space    used 3646K, capacity 4538K, committed 4608K, reserved 1048576K
GC Heap History (10 events):
Event: 9.653 GC heap before
{Heap before GC invocations=7 (full 1):
 PSYoungGen      total 26624K, used 26315K [0x00000000eab00000, 0x00000000ec980000, 0x0000000100000000)
  eden space 25088K, 100% used [0x00000000eab00000,0x00000000ec380000,0x00000000ec380000)
  from space 1536K, 79% used [0x00000000ec400000,0x00000000ec532f48,0x00000000ec580000)
  to   space 3072K, 0% used [0x00000000ec680000,0x00000000ec680000,0x00000000ec980000)
 ParOldGen       total 68608K, used 10191K [0x00000000c0000000, 0x00000000c4300000, 0x00000000eab00000)
  object space 68608K, 14% used [0x00000000c0000000,0x00000000c09f3cf0,0x00000000c4300000)
 Metaspace       used 27280K, capacity 29055K, committed 29312K, reserved 1075200K
  class space    used 2545K, capacity 3184K, committed 3200K, reserved 1048576K
}
Event: 9.664 GC heap after
{Heap after GC invocations=7 (full 1):
 PSYoungGen      total 27136K, used 3058K [0x00000000eab00000, 0x00000000ecb00000, 0x0000000100000000)
  eden space 24064K, 0% used [0x00000000eab00000,0x00000000eab00000,0x00000000ec280000)
  from space 3072K, 99% used [0x00000000ec680000,0x00000000ec97cb38,0x00000000ec980000)
  to   space 4096K, 0% used [0x00000000ec280000,0x00000000ec280000,0x00000000ec680000)
 ParOldGen       total 68608K, used 10512K [0x00000000c0000000, 0x00000000c4300000, 0x00000000eab00000)
  object space 68608K, 15% used [0x00000000c0000000,0x00000000c0a44148,0x00000000c4300000)
 Metaspace       used 27280K, capacity 29055K, committed 29312K, reserved 1075200K
  class space    used 2545K, capacity 3184K, committed 3200K, reserved 1048576K
}
Event: 10.307 GC heap before
{Heap before GC invocations=8 (full 1):
 PSYoungGen      total 27136K, used 27122K [0x00000000eab00000, 0x00000000ecb00000, 0x0000000100000000)
  eden space 24064K, 100% used [0x00000000eab00000,0x00000000ec280000,0x00000000ec280000)
  from space 3072K, 99% used [0x00000000ec680000,0x00000000ec97cb38,0x00000000ec980000)
  to   space 4096K, 0% used [0x00000000ec280000,0x00000000ec280000,0x00000000ec680000)
 ParOldGen       total 68608K, used 10512K [0x00000000c0000000, 0x00000000c4300000, 0x00000000eab00000)
  object space 68608K, 15% used [0x00000000c0000000,0x00000000c0a44148,0x00000000c4300000)
 Metaspace       used 30949K, capacity 33203K, committed 33280K, reserved 1079296K
  class space    used 3001K, capacity 3778K, committed 3840K, reserved 1048576K
}
Event: 10.317 GC heap after
{Heap after GC invocations=8 (full 1):
 PSYoungGen      total 27648K, used 4087K [0x00000000eab00000, 0x00000000ecb00000, 0x0000000100000000)
  eden space 23552K, 0% used [0x00000000eab00000,0x00000000eab00000,0x00000000ec200000)
  from space 4096K, 99% used [0x00000000ec280000,0x00000000ec67dcd0,0x00000000ec680000)
  to   space 4608K, 0% used [0x00000000ec680000,0x00000000ec680000,0x00000000ecb00000)
 ParOldGen       total 68608K, used 10773K [0x00000000c0000000, 0x00000000c4300000, 0x00000000eab00000)
  object space 68608K, 15% used [0x00000000c0000000,0x00000000c0a85520,0x00000000c4300000)
 Metaspace       used 30949K, capacity 33203K, committed 33280K, reserved 1079296K
  class space    used 3001K, capacity 3778K, committed 3840K, reserved 1048576K
}
Event: 10.724 GC heap before
{Heap before GC invocations=9 (full 1):
 PSYoungGen      total 27648K, used 18471K [0x00000000eab00000, 0x00000000ecb00000, 0x0000000100000000)
  eden space 23552K, 61% used [0x00000000eab00000,0x00000000eb90c268,0x00000000ec200000)
  from space 4096K, 99% used [0x00000000ec280000,0x00000000ec67dcd0,0x00000000ec680000)
  to   space 4608K, 0% used [0x00000000ec680000,0x00000000ec680000,0x00000000ecb00000)
 ParOldGen       total 68608K, used 10773K [0x00000000c0000000, 0x00000000c4300000, 0x00000000eab00000)
  object space 68608K, 15% used [0x00000000c0000000,0x00000000c0a85520,0x00000000c4300000)
 Metaspace       used 33003K, capacity 35205K, committed 35328K, reserved 1081344K
  class space    used 3252K, capacity 3995K, committed 4096K, reserved 1048576K
}
Event: 10.730 GC heap after
{Heap after GC invocations=9 (full 1):
 PSYoungGen      total 27648K, used 4584K [0x00000000eab00000, 0x00000000ecc00000, 0x0000000100000000)
  eden space 23040K, 0% used [0x00000000eab00000,0x00000000eab00000,0x00000000ec180000)
  from space 4608K, 99% used [0x00000000ec680000,0x00000000ecafa380,0x00000000ecb00000)
  to   space 5120K, 0% used [0x00000000ec180000,0x00000000ec180000,0x00000000ec680000)
 ParOldGen       total 68608K, used 10949K [0x00000000c0000000, 0x00000000c4300000, 0x00000000eab00000)
  object space 68608K, 15% used [0x00000000c0000000,0x00000000c0ab1520,0x00000000c4300000)
 Metaspace       used 33003K, capacity 35205K, committed 35328K, reserved 1081344K
  class space    used 3252K, capacity 3995K, committed 4096K, reserved 1048576K
}
Event: 10.730 GC heap before
{Heap before GC invocations=10 (full 2):
 PSYoungGen      total 27648K, used 4584K [0x00000000eab00000, 0x00000000ecc00000, 0x0000000100000000)
  eden space 23040K, 0% used [0x00000000eab00000,0x00000000eab00000,0x00000000ec180000)
  from space 4608K, 99% used [0x00000000ec680000,0x00000000ecafa380,0x00000000ecb00000)
  to   space 5120K, 0% used [0x00000000ec180000,0x00000000ec180000,0x00000000ec680000)
 ParOldGen       total 68608K, used 10949K [0x00000000c0000000, 0x00000000c4300000, 0x00000000eab00000)
  object space 68608K, 15% used [0x00000000c0000000,0x00000000c0ab1520,0x00000000c4300000)
 Metaspace       used 33003K, capacity 35205K, committed 35328K, reserved 1081344K
  class space    used 3252K, capacity 3995K, committed 4096K, reserved 1048576K
}
Event: 10.792 GC heap after
{Heap after GC invocations=10 (full 2):
 PSYoungGen      total 27648K, used 0K [0x00000000eab00000, 0x00000000ecc00000, 0x0000000100000000)
  eden space 23040K, 0% used [0x00000000eab00000,0x00000000eab00000,0x00000000ec180000)
  from space 4608K, 0% used [0x00000000ec680000,0x00000000ec680000,0x00000000ecb00000)
  to   space 5120K, 0% used [0x00000000ec180000,0x00000000ec180000,0x00000000ec680000)
 ParOldGen       total 68608K, used 13956K [0x00000000c0000000, 0x00000000c4300000, 0x00000000eab00000)
  object space 68608K, 20% used [0x00000000c0000000,0x00000000c0da1150,0x00000000c4300000)
 Metaspace       used 33003K, capacity 35205K, committed 35328K, reserved 1081344K
  class space    used 3252K, capacity 3995K, committed 4096K, reserved 1048576K
}
Event: 11.460 GC heap before
{Heap before GC invocations=11 (full 2):
 PSYoungGen      total 27648K, used 23040K [0x00000000eab00000, 0x00000000ecc00000, 0x0000000100000000)
  eden space 23040K, 100% used [0x00000000eab00000,0x00000000ec180000,0x00000000ec180000)
  from space 4608K, 0% used [0x00000000ec680000,0x00000000ec680000,0x00000000ecb00000)
  to   space 5120K, 0% used [0x00000000ec180000,0x00000000ec180000,0x00000000ec680000)
 ParOldGen       total 68608K, used 13956K [0x00000000c0000000, 0x00000000c4300000, 0x00000000eab00000)
  object space 68608K, 20% used [0x00000000c0000000,0x00000000c0da1150,0x00000000c4300000)
 Metaspace       used 35892K, capacity 38112K, committed 38272K, reserved 1083392K
  class space    used 3585K, capacity 4435K, committed 4480K, reserved 1048576K
}
Event: 11.539 GC heap after
{Heap after GC invocations=11 (full 2):
 PSYoungGen      total 24064K, used 1427K [0x00000000eab00000, 0x00000000ec700000, 0x0000000100000000)
  eden space 22528K, 0% used [0x00000000eab00000,0x00000000eab00000,0x00000000ec100000)
  from space 1536K, 92% used [0x00000000ec180000,0x00000000ec2e4c60,0x00000000ec300000)
  to   space 3072K, 0% used [0x00000000ec400000,0x00000000ec400000,0x00000000ec700000)
 ParOldGen       total 68608K, used 13964K [0x00000000c0000000, 0x00000000c4300000, 0x00000000eab00000)
  object space 68608K, 20% used [0x00000000c0000000,0x00000000c0da3150,0x00000000c4300000)
 Metaspace       used 35892K, capacity 38112K, committed 38272K, reserved 1083392K
  class space    used 3585K, capacity 4435K, committed 4480K, reserved 1048576K
}

